[2025-06-09 20:32:38] local.ERROR: syntax error, unexpected token "\" {"exception":"[object] (ParseError(code: 0): syntax error, unexpected token \"\\\" at /home/sky/Desktop/URL/url-shortener/routes/web.php:192)
[stacktrace]
#0 /home/sky/Desktop/URL/url-shortener/vendor/laravel/framework/src/Illuminate/Routing/Router.php(511): Illuminate\\Routing\\RouteFileRegistrar->register()
#1 /home/sky/Desktop/URL/url-shortener/vendor/laravel/framework/src/Illuminate/Routing/Router.php(465): Illuminate\\Routing\\Router->loadRoutes()
#2 /home/sky/Desktop/URL/url-shortener/vendor/laravel/framework/src/Illuminate/Routing/RouteRegistrar.php(194): Illuminate\\Routing\\Router->group()
#3 /home/sky/Desktop/URL/url-shortener/app/Providers/RouteServiceProvider.php(37): Illuminate\\Routing\\RouteRegistrar->group()
#4 /home/sky/Desktop/URL/url-shortener/vendor/laravel/framework/src/Illuminate/Container/BoundMethod.php(36): App\\Providers\\RouteServiceProvider->App\\Providers\\{closure}()
#5 /home/sky/Desktop/URL/url-shortener/vendor/laravel/framework/src/Illuminate/Container/Util.php(41): Illuminate\\Container\\BoundMethod::Illuminate\\Container\\{closure}()
#6 /home/sky/Desktop/URL/url-shortener/vendor/laravel/framework/src/Illuminate/Container/BoundMethod.php(81): Illuminate\\Container\\Util::unwrapIfClosure()
#7 /home/sky/Desktop/URL/url-shortener/vendor/laravel/framework/src/Illuminate/Container/BoundMethod.php(35): Illuminate\\Container\\BoundMethod::callBoundMethod()
#8 /home/sky/Desktop/URL/url-shortener/vendor/laravel/framework/src/Illuminate/Container/Container.php(662): Illuminate\\Container\\BoundMethod::call()
#9 /home/sky/Desktop/URL/url-shortener/vendor/laravel/framework/src/Illuminate/Foundation/Support/Providers/RouteServiceProvider.php(120): Illuminate\\Container\\Container->call()
#10 /home/sky/Desktop/URL/url-shortener/vendor/laravel/framework/src/Illuminate/Foundation/Support/Providers/RouteServiceProvider.php(45): Illuminate\\Foundation\\Support\\Providers\\RouteServiceProvider->loadRoutes()
#11 /home/sky/Desktop/URL/url-shortener/vendor/laravel/framework/src/Illuminate/Container/BoundMethod.php(36): Illuminate\\Foundation\\Support\\Providers\\RouteServiceProvider->Illuminate\\Foundation\\Support\\Providers\\{closure}()
#12 /home/sky/Desktop/URL/url-shortener/vendor/laravel/framework/src/Illuminate/Container/Util.php(41): Illuminate\\Container\\BoundMethod::Illuminate\\Container\\{closure}()
#13 /home/sky/Desktop/URL/url-shortener/vendor/laravel/framework/src/Illuminate/Container/BoundMethod.php(81): Illuminate\\Container\\Util::unwrapIfClosure()
#14 /home/sky/Desktop/URL/url-shortener/vendor/laravel/framework/src/Illuminate/Container/BoundMethod.php(35): Illuminate\\Container\\BoundMethod::callBoundMethod()
#15 /home/sky/Desktop/URL/url-shortener/vendor/laravel/framework/src/Illuminate/Container/Container.php(662): Illuminate\\Container\\BoundMethod::call()
#16 /home/sky/Desktop/URL/url-shortener/vendor/laravel/framework/src/Illuminate/Support/ServiceProvider.php(119): Illuminate\\Container\\Container->call()
#17 /home/sky/Desktop/URL/url-shortener/vendor/laravel/framework/src/Illuminate/Foundation/Application.php(1062): Illuminate\\Support\\ServiceProvider->callBootedCallbacks()
#18 /home/sky/Desktop/URL/url-shortener/vendor/laravel/framework/src/Illuminate/Foundation/Application.php(1040): Illuminate\\Foundation\\Application->bootProvider()
#19 [internal function]: Illuminate\\Foundation\\Application->Illuminate\\Foundation\\{closure}()
#20 /home/sky/Desktop/URL/url-shortener/vendor/laravel/framework/src/Illuminate/Foundation/Application.php(1039): array_walk()
#21 /home/sky/Desktop/URL/url-shortener/vendor/laravel/framework/src/Illuminate/Foundation/Bootstrap/BootProviders.php(17): Illuminate\\Foundation\\Application->boot()
#22 /home/sky/Desktop/URL/url-shortener/vendor/laravel/framework/src/Illuminate/Foundation/Application.php(286): Illuminate\\Foundation\\Bootstrap\\BootProviders->bootstrap()
#23 /home/sky/Desktop/URL/url-shortener/vendor/laravel/framework/src/Illuminate/Foundation/Http/Kernel.php(186): Illuminate\\Foundation\\Application->bootstrapWith()
#24 /home/sky/Desktop/URL/url-shortener/vendor/laravel/framework/src/Illuminate/Foundation/Http/Kernel.php(170): Illuminate\\Foundation\\Http\\Kernel->bootstrap()
#25 /home/sky/Desktop/URL/url-shortener/vendor/laravel/framework/src/Illuminate/Foundation/Http/Kernel.php(144): Illuminate\\Foundation\\Http\\Kernel->sendRequestThroughRouter()
#26 /home/sky/Desktop/URL/url-shortener/public/index.php(51): Illuminate\\Foundation\\Http\\Kernel->handle()
#27 /home/sky/Desktop/URL/url-shortener/vendor/laravel/framework/src/Illuminate/Foundation/resources/server.php(16): require_once('...')
#28 {main}
"} 
[2025-06-09 20:34:24] local.INFO: Redirect attempt for code: test-profile-view  
[2025-06-09 20:34:24] local.WARNING: Short URL not found for code: test-profile-view  
[2025-06-09 20:37:13] local.ERROR: App\Models\InviteCode::markAsUsed(): Argument #1 ($user) must be of type App\Models\User, int given, called in /home/sky/Desktop/URL/url-shortener/app/Http/Controllers/Auth/RegisteredUserController.php on line 67 {"exception":"[object] (TypeError(code: 0): App\\Models\\InviteCode::markAsUsed(): Argument #1 ($user) must be of type App\\Models\\User, int given, called in /home/sky/Desktop/URL/url-shortener/app/Http/Controllers/Auth/RegisteredUserController.php on line 67 at /home/sky/Desktop/URL/url-shortener/app/Models/InviteCode.php:64)
[stacktrace]
#0 /home/sky/Desktop/URL/url-shortener/app/Http/Controllers/Auth/RegisteredUserController.php(67): App\\Models\\InviteCode->markAsUsed()
#1 /home/sky/Desktop/URL/url-shortener/vendor/laravel/framework/src/Illuminate/Routing/Controller.php(54): App\\Http\\Controllers\\Auth\\RegisteredUserController->store()
#2 /home/sky/Desktop/URL/url-shortener/vendor/laravel/framework/src/Illuminate/Routing/ControllerDispatcher.php(43): Illuminate\\Routing\\Controller->callAction()
#3 /home/sky/Desktop/URL/url-shortener/vendor/laravel/framework/src/Illuminate/Routing/Route.php(259): Illuminate\\Routing\\ControllerDispatcher->dispatch()
#4 /home/sky/Desktop/URL/url-shortener/vendor/laravel/framework/src/Illuminate/Routing/Route.php(205): Illuminate\\Routing\\Route->runController()
#5 /home/sky/Desktop/URL/url-shortener/vendor/laravel/framework/src/Illuminate/Routing/Router.php(806): Illuminate\\Routing\\Route->run()
#6 /home/sky/Desktop/URL/url-shortener/vendor/laravel/framework/src/Illuminate/Pipeline/Pipeline.php(144): Illuminate\\Routing\\Router->Illuminate\\Routing\\{closure}()
#7 /home/sky/Desktop/URL/url-shortener/app/Http/Middleware/RedirectIfAuthenticated.php(28): Illuminate\\Pipeline\\Pipeline->Illuminate\\Pipeline\\{closure}()
#8 /home/sky/Desktop/URL/url-shortener/vendor/laravel/framework/src/Illuminate/Pipeline/Pipeline.php(183): App\\Http\\Middleware\\RedirectIfAuthenticated->handle()
#9 /home/sky/Desktop/URL/url-shortener/vendor/laravel/framework/src/Illuminate/Routing/Middleware/SubstituteBindings.php(50): Illuminate\\Pipeline\\Pipeline->Illuminate\\Pipeline\\{closure}()
#10 /home/sky/Desktop/URL/url-shortener/vendor/laravel/framework/src/Illuminate/Pipeline/Pipeline.php(183): Illuminate\\Routing\\Middleware\\SubstituteBindings->handle()
#11 /home/sky/Desktop/URL/url-shortener/vendor/laravel/framework/src/Illuminate/Foundation/Http/Middleware/VerifyCsrfToken.php(78): Illuminate\\Pipeline\\Pipeline->Illuminate\\Pipeline\\{closure}()
#12 /home/sky/Desktop/URL/url-shortener/vendor/laravel/framework/src/Illuminate/Pipeline/Pipeline.php(183): Illuminate\\Foundation\\Http\\Middleware\\VerifyCsrfToken->handle()
#13 /home/sky/Desktop/URL/url-shortener/vendor/laravel/framework/src/Illuminate/View/Middleware/ShareErrorsFromSession.php(49): Illuminate\\Pipeline\\Pipeline->Illuminate\\Pipeline\\{closure}()
#14 /home/sky/Desktop/URL/url-shortener/vendor/laravel/framework/src/Illuminate/Pipeline/Pipeline.php(183): Illuminate\\View\\Middleware\\ShareErrorsFromSession->handle()
#15 /home/sky/Desktop/URL/url-shortener/vendor/laravel/framework/src/Illuminate/Session/Middleware/StartSession.php(121): Illuminate\\Pipeline\\Pipeline->Illuminate\\Pipeline\\{closure}()
#16 /home/sky/Desktop/URL/url-shortener/vendor/laravel/framework/src/Illuminate/Session/Middleware/StartSession.php(64): Illuminate\\Session\\Middleware\\StartSession->handleStatefulRequest()
#17 /home/sky/Desktop/URL/url-shortener/vendor/laravel/framework/src/Illuminate/Pipeline/Pipeline.php(183): Illuminate\\Session\\Middleware\\StartSession->handle()
#18 /home/sky/Desktop/URL/url-shortener/vendor/laravel/framework/src/Illuminate/Cookie/Middleware/AddQueuedCookiesToResponse.php(37): Illuminate\\Pipeline\\Pipeline->Illuminate\\Pipeline\\{closure}()
#19 /home/sky/Desktop/URL/url-shortener/vendor/laravel/framework/src/Illuminate/Pipeline/Pipeline.php(183): Illuminate\\Cookie\\Middleware\\AddQueuedCookiesToResponse->handle()
#20 /home/sky/Desktop/URL/url-shortener/vendor/laravel/framework/src/Illuminate/Cookie/Middleware/EncryptCookies.php(67): Illuminate\\Pipeline\\Pipeline->Illuminate\\Pipeline\\{closure}()
#21 /home/sky/Desktop/URL/url-shortener/vendor/laravel/framework/src/Illuminate/Pipeline/Pipeline.php(183): Illuminate\\Cookie\\Middleware\\EncryptCookies->handle()
#22 /home/sky/Desktop/URL/url-shortener/vendor/laravel/framework/src/Illuminate/Pipeline/Pipeline.php(119): Illuminate\\Pipeline\\Pipeline->Illuminate\\Pipeline\\{closure}()
#23 /home/sky/Desktop/URL/url-shortener/vendor/laravel/framework/src/Illuminate/Routing/Router.php(805): Illuminate\\Pipeline\\Pipeline->then()
#24 /home/sky/Desktop/URL/url-shortener/vendor/laravel/framework/src/Illuminate/Routing/Router.php(784): Illuminate\\Routing\\Router->runRouteWithinStack()
#25 /home/sky/Desktop/URL/url-shortener/vendor/laravel/framework/src/Illuminate/Routing/Router.php(748): Illuminate\\Routing\\Router->runRoute()
#26 /home/sky/Desktop/URL/url-shortener/vendor/laravel/framework/src/Illuminate/Routing/Router.php(737): Illuminate\\Routing\\Router->dispatchToRoute()
#27 /home/sky/Desktop/URL/url-shortener/vendor/laravel/framework/src/Illuminate/Foundation/Http/Kernel.php(200): Illuminate\\Routing\\Router->dispatch()
#28 /home/sky/Desktop/URL/url-shortener/vendor/laravel/framework/src/Illuminate/Pipeline/Pipeline.php(144): Illuminate\\Foundation\\Http\\Kernel->Illuminate\\Foundation\\Http\\{closure}()
#29 /home/sky/Desktop/URL/url-shortener/vendor/laravel/framework/src/Illuminate/Foundation/Http/Middleware/TransformsRequest.php(21): Illuminate\\Pipeline\\Pipeline->Illuminate\\Pipeline\\{closure}()
#30 /home/sky/Desktop/URL/url-shortener/vendor/laravel/framework/src/Illuminate/Foundation/Http/Middleware/ConvertEmptyStringsToNull.php(31): Illuminate\\Foundation\\Http\\Middleware\\TransformsRequest->handle()
#31 /home/sky/Desktop/URL/url-shortener/vendor/laravel/framework/src/Illuminate/Pipeline/Pipeline.php(183): Illuminate\\Foundation\\Http\\Middleware\\ConvertEmptyStringsToNull->handle()
#32 /home/sky/Desktop/URL/url-shortener/vendor/laravel/framework/src/Illuminate/Foundation/Http/Middleware/TransformsRequest.php(21): Illuminate\\Pipeline\\Pipeline->Illuminate\\Pipeline\\{closure}()
#33 /home/sky/Desktop/URL/url-shortener/vendor/laravel/framework/src/Illuminate/Foundation/Http/Middleware/TrimStrings.php(40): Illuminate\\Foundation\\Http\\Middleware\\TransformsRequest->handle()
#34 /home/sky/Desktop/URL/url-shortener/vendor/laravel/framework/src/Illuminate/Pipeline/Pipeline.php(183): Illuminate\\Foundation\\Http\\Middleware\\TrimStrings->handle()
#35 /home/sky/Desktop/URL/url-shortener/vendor/laravel/framework/src/Illuminate/Foundation/Http/Middleware/ValidatePostSize.php(27): Illuminate\\Pipeline\\Pipeline->Illuminate\\Pipeline\\{closure}()
#36 /home/sky/Desktop/URL/url-shortener/vendor/laravel/framework/src/Illuminate/Pipeline/Pipeline.php(183): Illuminate\\Foundation\\Http\\Middleware\\ValidatePostSize->handle()
#37 /home/sky/Desktop/URL/url-shortener/vendor/laravel/framework/src/Illuminate/Foundation/Http/Middleware/PreventRequestsDuringMaintenance.php(99): Illuminate\\Pipeline\\Pipeline->Illuminate\\Pipeline\\{closure}()
#38 /home/sky/Desktop/URL/url-shortener/vendor/laravel/framework/src/Illuminate/Pipeline/Pipeline.php(183): Illuminate\\Foundation\\Http\\Middleware\\PreventRequestsDuringMaintenance->handle()
#39 /home/sky/Desktop/URL/url-shortener/vendor/laravel/framework/src/Illuminate/Http/Middleware/HandleCors.php(49): Illuminate\\Pipeline\\Pipeline->Illuminate\\Pipeline\\{closure}()
#40 /home/sky/Desktop/URL/url-shortener/vendor/laravel/framework/src/Illuminate/Pipeline/Pipeline.php(183): Illuminate\\Http\\Middleware\\HandleCors->handle()
#41 /home/sky/Desktop/URL/url-shortener/vendor/laravel/framework/src/Illuminate/Http/Middleware/TrustProxies.php(39): Illuminate\\Pipeline\\Pipeline->Illuminate\\Pipeline\\{closure}()
#42 /home/sky/Desktop/URL/url-shortener/vendor/laravel/framework/src/Illuminate/Pipeline/Pipeline.php(183): Illuminate\\Http\\Middleware\\TrustProxies->handle()
#43 /home/sky/Desktop/URL/url-shortener/vendor/laravel/framework/src/Illuminate/Pipeline/Pipeline.php(119): Illuminate\\Pipeline\\Pipeline->Illuminate\\Pipeline\\{closure}()
#44 /home/sky/Desktop/URL/url-shortener/vendor/laravel/framework/src/Illuminate/Foundation/Http/Kernel.php(175): Illuminate\\Pipeline\\Pipeline->then()
#45 /home/sky/Desktop/URL/url-shortener/vendor/laravel/framework/src/Illuminate/Foundation/Http/Kernel.php(144): Illuminate\\Foundation\\Http\\Kernel->sendRequestThroughRouter()
#46 /home/sky/Desktop/URL/url-shortener/public/index.php(51): Illuminate\\Foundation\\Http\\Kernel->handle()
#47 /home/sky/Desktop/URL/url-shortener/vendor/laravel/framework/src/Illuminate/Foundation/resources/server.php(16): require_once('...')
#48 {main}
"} 
[2025-06-09 20:43:14] local.INFO: Redirect attempt for code: pIfKKI  
[2025-06-09 20:43:14] local.INFO: Found Short URL - ID: 3, Original: https://loghomevibes.com/this-tiny-home-redefines-comfort-and-practicality/  
[2025-06-09 20:43:14] local.INFO: Visitor Info - IP: 127.0.0.1, Country: Unknown, Browser: Chrome  
[2025-06-09 20:43:14] local.INFO: Click logged successfully - ID: 4  
[2025-06-09 20:43:14] local.INFO: Click count incremented - New count: 1  
[2025-06-09 20:43:14] local.INFO: Redirecting to: https://loghomevibes.com/this-tiny-home-redefines-comfort-and-practicality/  
[2025-06-09 20:43:20] local.INFO: Analytics for short_code: pIfKKI - ID: 3, Clicks: 1  
[2025-06-09 20:43:20] local.INFO: After refresh - Clicks: 1, ClickLogs Count: 1  
[2025-06-09 20:43:20] local.INFO: Analytics Data: {"total_clicks":1,"unique_countries":1,"top_countries_count":0,"top_browsers_count":1,"daily_clicks_count":1}  
[2025-06-09 20:43:20] local.INFO: ClickLogs pagination - Total: 1, Per page: 1  
[2025-06-09 20:44:01] local.INFO: Redirect attempt for code: pIfKKI  
[2025-06-09 20:44:01] local.INFO: Found Short URL - ID: 3, Original: https://loghomevibes.com/this-tiny-home-redefines-comfort-and-practicality/  
[2025-06-09 20:44:01] local.INFO: Visitor Info - IP: 127.0.0.1, Country: Unknown, Browser: Chrome  
[2025-06-09 20:44:01] local.INFO: Click logged successfully - ID: 5  
[2025-06-09 20:44:01] local.INFO: Click count incremented - New count: 2  
[2025-06-09 20:44:01] local.INFO: Redirecting to: https://loghomevibes.com/this-tiny-home-redefines-comfort-and-practicality/  
[2025-06-09 20:44:04] local.INFO: Analytics for short_code: pIfKKI - ID: 3, Clicks: 2  
[2025-06-09 20:44:04] local.INFO: After refresh - Clicks: 2, ClickLogs Count: 2  
[2025-06-09 20:44:04] local.INFO: Analytics Data: {"total_clicks":2,"unique_countries":1,"top_countries_count":0,"top_browsers_count":1,"daily_clicks_count":1}  
[2025-06-09 20:44:04] local.INFO: ClickLogs pagination - Total: 2, Per page: 2  
[2025-06-09 22:16:37] local.INFO: Analytics for short_code: pIfKKI - ID: 3, Clicks: 2  
[2025-06-09 22:16:37] local.INFO: After refresh - Clicks: 2, ClickLogs Count: 2  
[2025-06-09 22:16:37] local.INFO: Analytics Data: {"total_clicks":2,"unique_countries":1,"top_countries_count":0,"top_browsers_count":1,"daily_clicks_count":1}  
[2025-06-09 22:16:37] local.INFO: ClickLogs pagination - Total: 2, Per page: 2  
[2025-06-09 22:21:26] local.INFO: Redirect attempt for code: discvover  
[2025-06-09 22:21:26] local.INFO: Found Short URL - ID: 2, Original: https://www.lotsofcabin.com/discover-the-hidden-paradise-in-this-secluded-one-bedroom-farmhouse/  
[2025-06-09 22:21:26] local.INFO: Visitor Info - IP: 127.0.0.1, Country: Unknown, Browser: Chrome  
[2025-06-09 22:21:26] local.INFO: Click logged successfully - ID: 6  
[2025-06-09 22:21:26] local.INFO: Click count incremented - New count: 4  
[2025-06-09 22:21:26] local.INFO: Redirecting to: https://www.lotsofcabin.com/discover-the-hidden-paradise-in-this-secluded-one-bedroom-farmhouse/  
[2025-06-09 22:21:33] local.INFO: Analytics for short_code: discvover - ID: 2, Clicks: 4  
[2025-06-09 22:21:33] local.INFO: After refresh - Clicks: 4, ClickLogs Count: 4  
[2025-06-09 22:21:33] local.INFO: Analytics Data: {"total_clicks":4,"unique_countries":1,"top_countries_count":0,"top_browsers_count":1,"daily_clicks_count":1}  
[2025-06-09 22:21:33] local.INFO: ClickLogs pagination - Total: 4, Per page: 4  
